<?xml version="1.0" encoding="UTF-8"?>
<testng-results ignored="0" total="1" passed="1" failed="0" skipped="0">
  <reporter-output>
  </reporter-output>
  <suite started-at="2023-10-02T16:09:55 IST" name="Default suite" finished-at="2023-10-02T16:09:55 IST" duration-ms="44">
    <groups>
    </groups>
    <test started-at="2023-10-02T16:09:55 IST" name="Default test" finished-at="2023-10-02T16:09:55 IST" duration-ms="44">
      <class name="demo">
        <test-method signature="demo2()[pri:0, instance:demo@7c7b252e]" started-at="2023-10-02T16:09:55 IST" name="demo2" finished-at="2023-10-02T16:09:55 IST" duration-ms="8" status="PASS">
          <reporter-output>
          </reporter-output>
        </test-method> <!-- demo2 -->
      </class> <!-- demo -->
    </test> <!-- Default test -->
  </suite> <!-- Default suite -->
</testng-results>
